<?xml version="1.0" encoding="UTF-8"?>
<testng-results ignored="0" total="1" passed="1" failed="0" skipped="0">
  <reporter-output>
  </reporter-output>
  <suite started-at="2021-10-12T18:33:11 IST" name="Surefire suite" finished-at="2021-10-12T18:33:16 IST" duration-ms="5760">
    <groups>
    </groups>
    <test started-at="2021-10-12T18:33:11 IST" name="Surefire test" finished-at="2021-10-12T18:33:16 IST" duration-ms="5760">
      <class name="circleci.test.firstTest">
        <test-method is-config="true" signature="setupClass()[pri:0, instance:circleci.test.firstTest@c730b35]" started-at="2021-10-12T18:33:11 IST" name="setupClass" finished-at="2021-10-12T18:33:13 IST" duration-ms="2427" status="PASS">
          <reporter-output>
          </reporter-output>
        </test-method> <!-- setupClass -->
        <test-method signature="test()[pri:0, instance:circleci.test.firstTest@c730b35]" started-at="2021-10-12T18:33:13 IST" name="test" finished-at="2021-10-12T18:33:16 IST" duration-ms="3304" status="PASS">
          <reporter-output>
          </reporter-output>
        </test-method> <!-- test -->
      </class> <!-- circleci.test.firstTest -->
    </test> <!-- Surefire test -->
  </suite> <!-- Surefire suite -->
</testng-results>
